Scanning folder structure of C:/Users/rev/Desktop/Graal Reborn/Clients/Modern_5.0.0.7/...
Done.
Created DirectDraw object
Initialized Direct3D7
Initialized DirectDraw
CPU: 64 bit
Graphic Capabilities: 
  Hardware accelerated graphics: true
  Video Memory: 4095 Mbyte
  Drawing of alpha blended textures: true
  Textures with non-power-of-2 size: true
  3D Textures with non-power-of-2 size: true
  2D during 3D scene: true
  Use 32 bit alpha: true
Initialized Direct3D7
Graal has been activated!
Loading tile definitions for server Login
Connecting to the game server...
Done.
File download: basepackage.gupd (size: 152) done
File download: basepackage.gupd (size: 152) done
File download: bigmap.txt (size: 14) done
File download: login.gupd (size: 376) done
File download: levels.gupd (size: 8666) done
File download: sounds.gupd (size: 1365) done
File download: videocompression.gupd (size: 325) done
File download: fonts.gupd (size: 196) done
File download: images.gupd (size: 771) done
Welcome to Login.
OpenGraal GS2Emu programmed by Joey, Nalin, Codr, and Cadavre.
File download: -.gif not found
File download: bcalarmclock.png not found
File download: head0.png (size: 1985) done
File download: head25.png (size: 2238) done
-- GS2 Shared Function Pack created --
-- Available functions:
-- * 'Gs2Utils.replaceAll(haystack, needle, replaceVal);'
-- * 'Gs2Utils.indexOf(haystack, needle);'
-- * 'Gs2Utils.destroyObject(objectName);'
Function pack 20080826 (http://forums.graal2001.com/forums/showthread.php?t=81277)
-Staff/GraalShop created
File download: gui2001_textedit3.png (size: 267) done
File download: gui2001_scroll2.png (size: 4495) done
File download: guiblue_check.png (size: 1025) done
File download: treeview_foldericons.png not found
File download: bg_11.png (size: 32000)...
File download: bg_11.png (size: 64000)...
File download: bg_11.png (size: 96000)...
File download: bg_11.png (size: 128000)...
File download: bg_11.png (size: 160000)...
File download: bg_11.png (size: 192000)...
File download: bg_11.png (size: 224000)...
File download: bg_11.png (size: 256000)...
File download: bg_11.png (size: 288000)...
File download: bg_11.png (size: 320000)...
File download: bg_11.png (size: 352000)...
File download: bg_11.png (size: 384000)...
File download: bg_11.png (size: 416000)...
File download: bg_11.png (size: 448000)...
File download: bg_11.png (size: 480000)...
File download: bg_11.png (size: 512000)...
File download: bg_11.png (size: 544000)...
File download: bg_11.png (size: 576000)...
File download: bg_11.png (size: 608000)...
File download: bg_11.png (size: 640000)...
File download: bg_11.png (size: 672000)...
File download: bg_11.png (size: 704000)...
File download: bg_11.png (size: 736000)...
File download: bg_11.png (size: 768000)...
File download: bg_11.png (size: 800000)...
File download: bg_11.png (size: 832000)...
File download: bg_11.png (size: 864000)...
File download: bg_11.png (size: 896000)...
File download: bg_11.png (size: 928000)...
File download: bg_11.png (size: 960000)...
File download: bg_11.png (size: 992000)...
File download: bg_11.png (size: 1024000)...
File download: bg_11.png (size: 1056000)...
File download: bg_11.png (size: 1088000)...
File download: bg_11.png (size: 1120000)...
File download: bg_11.png (size: 1152000)...
File download: bg_11.png (size: 1184000)...
File download: bg_11.png (size: 1216000)...
File download: bg_11.png (size: 1248000)...
File download: bg_11.png (size: 1280000)...
File download: bg_11.png (size: 1312000)...
File download: bg_11.png (size: 1344000)...
File download: bg_11.png (size: 1376000)...
File download: bg_11.png (size: 1408000)...
File download: bg_11.png (size: 1440000)...
File download: bg_11.png (size: 1472000)...
File download: bg_11.png (size: 1504000)...
File download: bg_11.png (size: 1536000)...
File download: bg_11.png (size: 1568000)...
File download: bg_11.png (size: 1600000)...
File download: bg_11.png (size: 1632000)...
File download: bg_11.png (size: 1664000)...
File download: bg_11.png (size: 1696000)...
File download: bg_11.png (size: 1728000)...
File download: bg_11.png (size: 1760000)...
File download: bg_11.png (size: 1792000)...
File download: bg_11.png (size: 1824000)...
File download: bg_11.png (size: 1856000)...
File download: bg_11.png (size: 1888000)...
File download: bg_11.png (size: 1920000)...
File download: bg_11.png (size: 1952000)...
File download: bg_11.png (size: 1984000)...
File download: bg_11.png (size: 2016000)...
File download: bg_11.png (size: 2048000)...
File download: bg_11.png (size: 2080000)...
File download: bg_11.png (size: 2112000)...
File download: bg_11.png (size: 2144000)...
File download: bg_11.png (size: 2176000)...
File download: bg_11.png (size: 2208000)...
File download: bg_11.png (size: 2240000)...
File download: bg_11.png (size: 2272000)...
File download: bg_11.png (size: 2304000)...
File download: bg_11.png (size: 2336000)...
File download: bg_11.png (size: 2368000)...
File download: bg_11.png (size: 2400000)...
File download: bg_11.png (size: 2432000)...
File download: bg_11.png (size: 2451244)...
File download: bg_11.png (size: 2451244) done
File download: graalreborn_logo.png (size: 32000)...
File download: graalreborn_logo.png (size: 39229)...
File download: graalreborn_logo.png (size: 39229) done
File download: defaultbutton.png (size: 1725) done
File download: guiblue_button.png (size: 1998) done
File download: guiblue_scroll.png (size: 2585) done
File download: guiblue_textedit.png (size: 174) done
File download: guiblue_tab.png (size: 1650) done
File download: guiblue_scroll_noback.png (size: 2543) done
File download: state.png (size: 6353) done
Loading tile definitions for server Login
Connecting to the game server...
Done.
File download: basepackage.gupd (size: 152) done
File download: basepackage.gupd (size: 152) done
File download: guiblue_window.png (size: 2944) done
File download: login.gupd (size: 376) done
File download: levels.gupd (size: 8666) done
File download: sounds.gupd (size: 1365) done
File download: videocompression.gupd (size: 325) done
File download: fonts.gupd (size: 196) done
File download: images.gupd (size: 771) done
Account name or password is invalid
Loading tile definitions for server Login
Connecting to the game server...
Done.
File download: basepackage.gupd (size: 152) done
File download: basepackage.gupd (size: 152) done
File download: login.gupd (size: 376) done
File download: levels.gupd (size: 8666) done
File download: sounds.gupd (size: 1365) done
File download: videocompression.gupd (size: 325) done
File download: fonts.gupd (size: 196) done
File download: images.gupd (size: 771) done
Welcome to Login.
OpenGraal GS2Emu programmed by Joey, Nalin, Codr, and Cadavre.
-- GS2 Shared Function Pack created --
-- Available functions:
-- * 'Gs2Utils.replaceAll(haystack, needle, replaceVal);'
-- * 'Gs2Utils.indexOf(haystack, needle);'
-- * 'Gs2Utils.destroyObject(objectName);'
Function pack 20080826 (http://forums.graal2001.com/forums/showthread.php?t=81277)
-Staff/GraalShop created
Loading tile definitions for server Login
Connecting to the game server...
Done.
File download: basepackage.gupd (size: 152) done
File download: basepackage.gupd (size: 152) done
File download: login.gupd (size: 376) done
File download: levels.gupd (size: 8666) done
File download: sounds.gupd (size: 1365) done
File download: videocompression.gupd (size: 325) done
File download: fonts.gupd (size: 196) done
File download: images.gupd (size: 771) done
Welcome to Login.
OpenGraal GS2Emu programmed by Joey, Nalin, Codr, and Cadavre.
GraalScript: Function Gs2Utils.destroyObject not found in script of Weapon -Serverlist/Patches
-- GS2 Shared Function Pack created --
-- Available functions:
-- * 'Gs2Utils.replaceAll(haystack, needle, replaceVal);'
-- * 'Gs2Utils.indexOf(haystack, needle);'
-- * 'Gs2Utils.destroyObject(objectName);'
File download: newsmilie_tongue.gif (size: 685) done
File download: newsmilie_spam.gif (size: 2296) done
File download: newsmilie_rolleyes.gif (size: 663) done
File download: newsmilie_oo.gif (size: 169) done
File download: newsmilie_noob.gif (size: 144) done
File download: newsmilie_mad.gif (size: 139) done
File download: newsmilie_heart.gif (size: 122) done
File download: newsmilie_disappointed.gif (size: 138) done
File download: newsmilie_cry.gif (size: 1111) done
File download: newsmilie_cool.gif (size: 136) done
File download: newsmilie_biggrin.gif (size: 1037) done
File download: newsmilie_pissed.gif (size: 1447) done
File download: newsmilie_animesmiley.gif (size: 138) done
File download: 2002_32x32sprites-flame.png (size: 4013) done
File download: g4_particle_x.png (size: 2338) done
File download: g4_particle_sun.png (size: 2362) done
File download: g4_particle_smoke.png (size: 3572) done
File download: g4_particle_minus.png (size: 591) done
File download: g4_particle_leaf.png (size: 327) done
File download: g4_particle_halo.png (size: 1963) done
File download: g4_particle_cloud.png (size: 4390) done
File download: g4_particle_bubble.png (size: 2507) done
File download: bshield0.png (size: 1219) done
File download: g4_animation_fire.gif (size: 13843) done
File download: baddytest.png (size: 2461) done
File download: baddyred.png (size: 3637) done
File download: newsmilie_wink.gif (size: 137) done
File download: baddyoctopus.png (size: 2461) done
File download: baddyninja.png (size: 3046) done
File download: newsmilie_eek.gif (size: 139) done
File download: baddyhare.png (size: 362) done
File download: baddygold.png (size: 2869) done
File download: baddyblue.png (size: 3640) done
File download: letters.png (size: 10700) done
File download: graal2002letters.png (size: 12147) done
File download: blueletters.png (size: 3756) done
File download: sprites.png (size: 9282) done
File download: plisticondnd.png (size: 253) done
File download: plisticonaway.png (size: 228) done
File download: opps.png (size: 6731) done
File download: light2.png (size: 3416) done
File download: kmarms100.png (size: 12801) done
File download: klegs0.png (size: 11022) done
File download: gate2.png (size: 1354) done
File download: shield1.png (size: 351) done
File download: door1.png (size: 362) done
File download: newsmilie_frown.gif (size: 139) done
File download: brother2.png (size: 560) done
File download: bomb1.png (size: 5524) done
File download: bluelampani.mng (size: 3335) done
File download: newsmilie_blush.gif (size: 173) done
File download: shield2.png (size: 370) done
File download: bluelampani2.mng (size: 2904) done
File download: arrowsbox.png (size: 522) done
File download: testhorse.png (size: 1699) done
File download: ride3.png (size: 3551) done
File download: khead0.png (size: 5349) done
File download: headnpc.png (size: 324) done
File download: head23.png (size: 2505) done
File download: head19.png (size: 2483) done
File download: head0.png (size: 1985) done
File download: haticon.png (size: 1099) done
File download: hat2.png (size: 2676) done
File download: gate1.png (size: 1298) done
File download: hat1.png (size: 1597) done
File download: watercanfill.gani (size: 11016) done
File download: walk.gani (size: 10031) done
File download: tutorial_touch.gani (size: 706) done
File download: watercanspread.gani (size: 9149) done
File download: sleep.gani (size: 7820) done
File download: bigshield.png (size: 551) done
File download: skistill.gani (size: 1756) done
File download: bomb2.png (size: 4422) done
File download: skip.png (size: 1132) done
File download: skip_icon.png (size: 1173) done
File download: skip.gani (size: 8959) done
File download: walkslow.gani (size: 10051) done
File download: skihurt.gani (size: 1839) done
File download: g4_particle_bluelight.png (size: 6765) done
File download: ski.gani (size: 3915) done
File download: ride.png (size: 3551) done
File download: shovel.gani (size: 8577) done
File download: newsmilie_raspberry.gif (size: 139) done
File download: shovel2.gani (size: 8291) done
File download: shoot.gani (size: 8269) done
File download: newsmilie_smile.gif (size: 136) done
File download: scythe.gani (size: 9128) done
File download: g4_particle_sbubble.png (size: 2004) done
File download: ridesword.gani (size: 11397) done
File download: ridestill.gani (size: 8772) done
File download: g4_particle_whitespot.png (size: 2509) done
File download: ridejump.gani (size: 1799) done
File download: tutorial_arrowdown.png (size: 287) done
File download: ridehurt.gani (size: 8828) done
File download: ridefire.gani (size: 8801) done
File download: rideeat.gani (size: 8793) done
File download: push.gani (size: 8894) done
File download: chestopen.png (size: 293) done
File download: pull.gani (size: 8818) done
File download: pray.gani (size: 8072) done
File download: palmtree1.gani (size: 239) done
File download: maps3.gani (size: 8449) done
File download: g4_particle_ring.png (size: 1420) done
File download: maps2.gani (size: 1860) done
File download: maps1.gani (size: 3373) done
File download: g4_particle_spark.png (size: 644) done
File download: lay.gani (size: 1324) done
File download: baddydragon.png (size: 1976) done
File download: state.png (size: 6353) done
File download: lava.gani (size: 9286) done
File download: lamps_wood.gani (size: 930) done
File download: newsmilie_asleep.gif (size: 1009) done
File download: kick.gani (size: 7980) done
File download: ride.gani (size: 9779) done
File download: jlaybomb.gani (size: 12386) done
File download: jgotgem.gani (size: 3191) done
File download: jaxe.gani (size: 3685) done
File download: idle.gani (size: 7988) done
File download: newsmilie_fro.gif (size: 245) done
File download: hurt.gani (size: 7978) done
File download: human2_walk.gani (size: 10856) done
File download: human2_swim.gani (size: 3727) done
File download: human2_push.gani (size: 3836) done
File download: watercan.gani (size: 9024) done
File download: human2_pull.gani (size: 3513) done
File download: human2_idle.gani (size: 28442) done
File download: human2_hurt.gani (size: 2873) done
File download: sit.gani (size: 7871) done
File download: human2_sit.gani (size: 2357) done
File download: human2_grab.gani (size: 2453) done
File download: hat0.png (size: 1925) done
File download: sword.gani (size: 10377) done
File download: horsestill.gani (size: 1040) done
File download: block.png (size: 916) done
File download: scythe_idle.gani (size: 8500) done
File download: palmtree2.gani (size: 239) done
File download: horse.gani (size: 1483) done
File download: hockshot.gani (size: 1800) done
File download: hock.gani (size: 4399) done
File download: chest.png (size: 300) done
File download: hiddenstill.gani (size: 248) done
File download: hidden.gani (size: 301) done
File download: khairs0.png (size: 4988) done
File download: gralats.png (size: 1789) done
File download: seed1.gani (size: 9447) done
File download: grab.gani (size: 7932) done
File download: gotgoldball.gani (size: 2712) done
File download: jhammer.gani (size: 3685) done
File download: glare1.mng (size: 1484) done
File download: ghostshadow.png (size: 164) done
File download: ghostanimation.png (size: 2891) done
File download: ghostani.gani (size: 1688) done
File download: newsmilie_redface.gif (size: 167) done
File download: brother1.png (size: 568) done
File download: gralats.gani (size: 450) done
File download: fishingstill.gani (size: 8251) done
File download: readme.txt (size: 3900) done
File download: fishing.gani (size: 8945) done
File download: e_ridestill.gani (size: 1366) done
File download: lift.gani (size: 7990) done
File download: e_ride.gani (size: 1923) done
File download: g4_particle_bluex.png (size: 5815) done
File download: kungfu.gani (size: 12560) done
File download: eggstill.gani (size: 232) done
File download: editorcursor.png (size: 2165) done
File download: ride2.png (size: 3551) done
File download: editorcursor.gani (size: 236) done
File download: editorcursor2.gani (size: 299) done
File download: def.gani (size: 21007) done
File download: baddylizardon.png (size: 2464) done
File download: carrystill.gani (size: 1562) done
File download: smiliesdef.txt (size: 757) done
File download: carry.gani (size: 4824) done
File download: carried.gani (size: 7922) done
File download: emoticonbubbles.png (size: 287) done
File download: spin.gani (size: 12857) done
File download: emoticon_Zzz_stay.mng (size: 3299) done
File download: hiddenobj.gani (size: 501) done
File download: emoticon_Yummy.png (size: 606) done
File download: newsmilie_pluffy.gif (size: 197) done
File download: emoticon_XX.png (size: 633) done
File download: emoticon_Wink.png (size: 631) done
File download: emoticon_Vsorry.mng (size: 3491) done
File download: shield3.png (size: 322) done
File download: emoticon_Umad.png (size: 1434) done
File download: emoticon_Tears.mng (size: 2825) done
File download: emoticons_readme.txt (size: 66) done
File download: emoticon_Smile.png (size: 631) done
File download: newsmilie_megaeek.gif (size: 862) done
File download: newsmilie_displeased.gif (size: 137) done
File download: swim.gani (size: 9288) done
File download: emotions_template.png (size: 630) done
File download: emoticon_ROFL.mng (size: 5191) done
File download: emoticon_Qphone_stay.png (size: 550) done
File download: emoticon_Ptongue.mng (size: 2812) done
File download: emoticon_Ohh.png (size: 630) done
File download: emoticon_Ncool.png (size: 1457) done
File download: emoticon.gani (size: 491) done
File download: emoticonmicro.png (size: 617) done
File download: human2_sword_swing.gani (size: 8975) done
File download: dead.gani (size: 2918) done
File download: emoticon_Maybe.png (size: 631) done
File download: baddygray.png (size: 3630) done
File download: emoticon_LOL.mng (size: 3942) done
File download: emoticon_kitty.png (size: 718) done
File download: emoticon_jpm_stay.mng (size: 1547) done
File download: emoticon_Idea.png (size: 800) done
File download: newsmilie_confused.gif (size: 1101) done
File download: emoticon_Heart.png (size: 546) done
File download: emoticon_Grr.png (size: 640) done
File download: emoticon_Frown.png (size: 631) done
File download: g4_particle_tornado.png (size: 6566) done
File download: emoticon_Eyes.mng (size: 3891) done
File download: lamps_wood.png (size: 2189) done
File download: emoticon_Dgrin.png (size: 617) done
File download: emoticon_conf.png (size: 1399) done
File download: emoticon_BRB_stay.mng (size: 2699) done
File download: emoticon_AFK_stay.mng (size: 2695) done
File download: kmbody100.png (size: 4307) done
File download: plisticononline.png (size: 278) done
File download: carrypeople.gani (size: 11249) done
File download: body.png (size: 9169) done
File download: g4_particle_yellowlight.png (size: 6469) done
File download: body4.png (size: 9020) done
File download: newsmilie_whatever.gif (size: 136) done
File download: body3.png (size: 10040) done
File download: main.gmap (size: 25310) done
File download: body2.png (size: 8241) done
File download: tempsitc.ttf (size: 32000)...
File download: tempsitc.ttf (size: 64000)...
File download: tempsitc.ttf (size: 69020)...
File download: tempsitc.ttf (size: 69020) done
File download: door.png (size: 345) done
File download: Graal Homepage.url (size: 50) done
File download: water.wav (size: 7072) done
File download: walk_grass2.wav (size: 1764) done
File download: train.wav (size: 22034) done
File download: thunder.wav (size: 24049) done
File download: walk_grass4.wav (size: 1722) done
File download: sword.wav (size: 4712) done
File download: swordon.wav (size: 16828) done
File download: stonemove.wav (size: 23500) done
File download: rain.wav (size: 32000)...
File download: rain.wav (size: 33100)...
File download: rain.wav (size: 33100) done
File download: put.wav (size: 1706) done
File download: sign.wav (size: 3144) done
File download: lift.wav (size: 7918) done
File download: lift2.wav (size: 7918) done
File download: river.wav (size: 32000)...
File download: river.wav (size: 64000)...
File download: river.wav (size: 96000)...
File download: river.wav (size: 102152)...
File download: river.wav (size: 102152) done
File download: jump.wav (size: 6359) done
File download: item.wav (size: 12108) done
File download: item2.wav (size: 794) done
File download: horse.wav (size: 29494) done
File download: horse2.wav (size: 9060) done
File download: goal.wav (size: 32000)...
File download: goal.wav (size: 38496)...
File download: goal.wav (size: 38496) done
File download: frog.wav (size: 12998) done
File download: steps2.wav (size: 4089) done
File download: fire.wav (size: 10403) done
File download: extra.wav (size: 6244) done
File download: nextpage.wav (size: 10333) done
File download: compudead.wav (size: 12488) done
File download: chest.wav (size: 26682) done
File download: frog2.wav (size: 12536) done
File download: cauldron_bubbles.wav (size: 9788) done
File download: bomywalk1.wav (size: 5200) done
File download: bomywalk0.wav (size: 5200) done
File download: bomyload.wav (size: 24184) done
File download: junebugs.wav (size: 16920) done
File download: crush.wav (size: 11416) done
File download: bomywalk2.wav (size: 3056) done
File download: bomyload4.wav (size: 1808) done
File download: bomyload3.wav (size: 11784) done
File download: bomyload1.wav (size: 6534) done
File download: bomyload0.wav (size: 5742) done
File download: steps.wav (size: 4089) done
File download: bird2.wav (size: 32000)...
File download: bird2.wav (size: 42232)...
File download: bird2.wav (size: 42232) done
File download: bomyload2.wav (size: 3560) done
File download: bird1.wav (size: 29208) done
File download: bee.wav (size: 32000)...
File download: bee.wav (size: 64000)...
File download: bee.wav (size: 77022)...
File download: bee.wav (size: 77022) done
File download: ocean.wav (size: 32000)...
File download: ocean.wav (size: 64000)...
File download: ocean.wav (size: 94660)...
File download: ocean.wav (size: 94660) done
File download: axe.wav (size: 1506) done
File download: dead.wav (size: 32000)...
File download: dead.wav (size: 64000)...
File download: dead.wav (size: 78798)...
File download: dead.wav (size: 78798) done
File download: bomb.wav (size: 8880) done
File download: arrow.wav (size: 13531) done
File download: arrowon.wav (size: 7071) done
File download: tempsitcbd.ttf (size: 32000)...
File download: tempsitcbd.ttf (size: 64000)...
File download: tempsitcbd.ttf (size: 96000)...
File download: tempsitcbd.ttf (size: 104972)...
File download: tempsitcbd.ttf (size: 104972) done
File download: open sans.ttf (size: 32000)...
File download: open sans.ttf (size: 64000)...
File download: open sans.ttf (size: 96000)...
File download: open sans.ttf (size: 128000)...
File download: open sans.ttf (size: 129796)...
File download: open sans.ttf (size: 129796) done
File download: arial.ttf (size: 32000)...
File download: arial.ttf (size: 64000)...
File download: arial.ttf (size: 96000)...
File download: arial.ttf (size: 128000)...
File download: arial.ttf (size: 160000)...
File download: arial.ttf (size: 192000)...
File download: arial.ttf (size: 224000)...
File download: arial.ttf (size: 256000)...
File download: arial.ttf (size: 288000)...
File download: arial.ttf (size: 320000)...
File download: arial.ttf (size: 352000)...
File download: arial.ttf (size: 367112)...
File download: arial.ttf (size: 367112) done
File download: trueclassic.wba (size: 32000)...
File download: trueclassic.wba (size: 64000)...
File download: trueclassic.wba (size: 96000)...
File download: trueclassic.wba (size: 128000)...
File download: trueclassic.wba (size: 160000)...
File download: trueclassic.wba (size: 192000)...
File download: trueclassic.wba (size: 224000)...
File download: trueclassic.wba (size: 256000)...
File download: trueclassic.wba (size: 288000)...
File download: trueclassic.wba (size: 320000)...
File download: trueclassic.wba (size: 352000)...
File download: trueclassic.wba (size: 384000)...
File download: trueclassic.wba (size: 416000)...
File download: trueclassic.wba (size: 448000)...
File download: trueclassic.wba (size: 480000)...
File download: trueclassic.wba (size: 512000)...
File download: trueclassic.wba (size: 544000)...
File download: trueclassic.wba (size: 576000)...
File download: trueclassic.wba (size: 608000)...
File download: trueclassic.wba (size: 640000)...
File download: trueclassic.wba (size: 672000)...
File download: trueclassic.wba (size: 704000)...
File download: trueclassic.wba (size: 736000)...
File download: trueclassic.wba (size: 768000)...
File download: trueclassic.wba (size: 800000)...
File download: trueclassic.wba (size: 832000)...
File download: trueclassic.wba (size: 864000)...
File download: trueclassic.wba (size: 896000)...
File download: trueclassic.wba (size: 928000)...
File download: trueclassic.wba (size: 960000)...
File download: trueclassic.wba (size: 992000)...
File download: trueclassic.wba (size: 1024000)...
File download: trueclassic.wba (size: 1056000)...
File download: trueclassic.wba (size: 1088000)...
File download: trueclassic.wba (size: 1120000)...
File download: trueclassic.wba (size: 1152000)...
File download: trueclassic.wba (size: 1184000)...
File download: trueclassic.wba (size: 1216000)...
File download: trueclassic.wba (size: 1248000)...
File download: trueclassic.wba (size: 1280000)...
File download: trueclassic.wba (size: 1312000)...
File download: trueclassic.wba (size: 1344000)...
File download: trueclassic.wba (size: 1376000)...
File download: trueclassic.wba (size: 1408000)...
File download: trueclassic.wba (size: 1440000)...
File download: trueclassic.wba (size: 1472000)...
File download: trueclassic.wba (size: 1504000)...
File download: trueclassic.wba (size: 1536000)...
File download: trueclassic.wba (size: 1568000)...
File download: trueclassic.wba (size: 1600000)...
File download: trueclassic.wba (size: 1632000)...
File download: trueclassic.wba (size: 1664000)...
File download: trueclassic.wba (size: 1696000)...
File download: trueclassic.wba (size: 1728000)...
File download: trueclassic.wba (size: 1760000)...
File download: trueclassic.wba (size: 1792000)...
File download: trueclassic.wba (size: 1824000)...
File download: trueclassic.wba (size: 1856000)...
File download: trueclassic.wba (size: 1888000)...
File download: trueclassic.wba (size: 1920000)...
File download: trueclassic.wba (size: 1952000)...
File download: trueclassic.wba (size: 1984000)...
File download: trueclassic.wba (size: 2016000)...
File download: trueclassic.wba (size: 2048000)...
File download: trueclassic.wba (size: 2080000)...
File download: trueclassic.wba (size: 2112000)...
File download: trueclassic.wba (size: 2144000)...
File download: trueclassic.wba (size: 2176000)...
File download: trueclassic.wba (size: 2208000)...
File download: trueclassic.wba (size: 2240000)...
File download: trueclassic.wba (size: 2272000)...
File download: trueclassic.wba (size: 2304000)...
File download: trueclassic.wba (size: 2336000)...
File download: trueclassic.wba (size: 2368000)...
File download: trueclassic.wba (size: 2400000)...
File download: trueclassic.wba (size: 2432000)...
File download: trueclassic.wba (size: 2464000)...
File download: trueclassic.wba (size: 2496000)...
File download: trueclassic.wba (size: 2528000)...
File download: trueclassic.wba (size: 2560000)...
File download: trueclassic.wba (size: 2592000)...
File download: trueclassic.wba (size: 2601668)...
File download: trueclassic.wba (size: 2601668) done
File download: state.png (size: 6353) done
File download: pics1.png (size: 32000)...
File download: pics1.png (size: 64000)...
File download: pics1.png (size: 96000)...
File download: pics1.png (size: 128000)...
File download: pics1.png (size: 160000)...
File download: pics1.png (size: 192000)...
File download: pics1.png (size: 210511)...
File download: pics1.png (size: 210511) done
File download: login_gradient_blue.png (size: 8170) done
File download: guiblue_window_noback.png (size: 2905) done
File download: guiblue_window.png (size: 2944) done
File download: guiblue_textedit.png (size: 174) done
File download: guiblue_tab.png (size: 1650) done
File download: guiblue_scroll.png (size: 2585) done
File download: guiblue_check.png (size: 1025) done
File download: guiblue_radio.png (size: 992) done
File download: guiblue_button.png (size: 1998) done
File download: guiblue_scroll_noback.png (size: 2543) done
File download: graalscreen_back.png (size: 12071) done
File download: graalscreen2.jpg (size: 32000)...
File download: graalscreen2.jpg (size: 33666)...
File download: graalscreen2.jpg (size: 33666) done
File download: graalscreen.jpg (size: 32000)...
File download: graalscreen.jpg (size: 36291)...
File download: graalscreen.jpg (size: 36291) done
IRC/Login3 created
IRC/Login3 created
File download: toon.wba not found
File download: graalicon_big.png (size: 3103) done
File download: graaldarkbutton3d.png not found
File download: defaulttab.png not found
File download: defaultscroll.png not found
File download: guigames_background_kingdoms2.png not found
GraalScript: Function icon.drawimage not found in script of Weapon -Rescripted/Serverlist
File download: login_icon_testbed.png not found
File download: treeview_folderopen_big.png not found
File download: login_icon_bomber_arena.png (size: 1231) done
File download: login_icon_zelda_a_link_to_the_past.png (size: 9383) done
File download: login_icon_bomber_arena_(v6).png (size: 1231) done
File download: login_icon_classic_the_final_chapter.png (size: 1628) done
File download: login_servermap_.png not found
Loading tile definitions for server Testbed
Connecting to the game server...
Done.
Welcome to Testbed.
OpenGraal GS2Emu programmed by Joey, Nalin, Codr, and Cadavre.
IRC/Login3 created
-- GS2 Shared Function Pack created --
-- Available functions:
-- * 'Gs2Utils.replaceAll(haystack, needle, replaceVal);'
-- * 'Gs2Utils.indexOf(haystack, needle);'
-- * 'Gs2Utils.destroyObject(objectName);'
File download: head0.png not found
File download: playerlist_open.png not found
File download: plisticononline.png not found
File download: head25.png not found
File download: wbowi1.png not found
File download: wbomb1.png not found
File download: chestopen.png not found
File download: sprites.png not found
File download: sword1.png not found
File download: plistcat_guilds.png not found
File download: plistcat_servers.png not found
File download: plistcat_online.png not found
FMod Sounds: using default sound driver
File download: state.png not found
Closing Graal.
Deleted DirectDraw Surfaces
Finalized DirectDraw
Deleted DirectDraw object
